<?xml version="1.0" encoding="UTF-8"?>
<testng-results ignored="0" total="1" passed="1" failed="0" skipped="0">
  <reporter-output>
  </reporter-output>
  <suite started-at="2023-08-31T17:59:57 IST" name="Default suite" finished-at="2023-08-31T17:59:58 IST" duration-ms="348">
    <groups>
    </groups>
    <test started-at="2023-08-31T17:59:57 IST" name="Default test" finished-at="2023-08-31T17:59:58 IST" duration-ms="348">
      <class name="com.automation.selenium_template.TestRunner">
        <test-method is-config="true" signature="beforeMethod()[pri:0, instance:com.automation.selenium_template.TestRunner@1e6a3214]" started-at="2023-08-31T17:59:57 IST" name="beforeMethod" finished-at="2023-08-31T17:59:57 IST" duration-ms="90" status="PASS">
          <reporter-output>
          </reporter-output>
        </test-method> <!-- beforeMethod -->
        <test-method signature="sampleTest()[pri:0, instance:com.automation.selenium_template.TestRunner@1e6a3214]" started-at="2023-08-31T17:59:57 IST" name="sampleTest" finished-at="2023-08-31T17:59:57 IST" duration-ms="19" status="PASS">
          <reporter-output>
          </reporter-output>
        </test-method> <!-- sampleTest -->
        <test-method is-config="true" signature="afterMethod()[pri:0, instance:com.automation.selenium_template.TestRunner@1e6a3214]" started-at="2023-08-31T17:59:57 IST" name="afterMethod" finished-at="2023-08-31T17:59:58 IST" duration-ms="208" status="PASS">
          <reporter-output>
          </reporter-output>
        </test-method> <!-- afterMethod -->
      </class> <!-- com.automation.selenium_template.TestRunner -->
    </test> <!-- Default test -->
  </suite> <!-- Default suite -->
</testng-results>
